{
  "0 debug pnpm:scope": {
    "selected": 1,
    "workspacePrefix": "D:\\project\\github\\cloud_music_monorepo\\project"
  },
  "1 error pnpm": {
    "errno": 1,
    "code": "ELIFECYCLE",
    "pkgid": "@cloud_music/project@1.1.0",
    "stage": "build",
    "script": "vite build --outDir=build",
    "pkgname": "@cloud_music/project",
    "err": {
      "name": "pnpm",
      "message": "@cloud_music/project@1.1.0 build: `vite build --outDir=build`\nExit status 1",
      "code": "ELIFECYCLE",
      "stack": "pnpm: @cloud_music/project@1.1.0 build: `vite build --outDir=build`\nExit status 1\n    at EventEmitter.<anonymous> (C:\\Users\\28228\\AppData\\Roaming\\npm\\node_modules\\pnpm\\dist\\pnpm.cjs:106731:20)\n    at EventEmitter.emit (node:events:527:28)\n    at ChildProcess.<anonymous> (C:\\Users\\28228\\AppData\\Roaming\\npm\\node_modules\\pnpm\\dist\\pnpm.cjs:93300:18)\n    at ChildProcess.emit (node:events:527:28)\n    at maybeClose (node:internal/child_process:1092:16)\n    at Process.ChildProcess._handle.onexit (node:internal/child_process:302:5)"
    }
  }
}